<?xml version="1.0" encoding="utf-8"?><testsuites name="pytest tests"><testsuite name="pytest" errors="0" failures="0" skipped="0" tests="8" time="1.589" timestamp="2026-05-15T13:51:31.334928+00:00" hostname="agent-env-b7ab34d0-d9ed-4ef1-aa7c-a444633cb772"><testcase classname="backend.tests.test_inquiry.TestRoot" name="test_root_returns_institutional_message" time="0.219" /><testcase classname="backend.tests.test_inquiry.TestInquiryCreate" name="test_create_inquiry_valid" time="0.331" /><testcase classname="backend.tests.test_inquiry.TestInquiryCreate" name="test_inquiry_persisted_in_list" time="0.063" /><testcase classname="backend.tests.test_inquiry.TestInquiryCreate" name="test_create_inquiry_all_categories" time="0.667" /><testcase classname="backend.tests.test_inquiry.TestInquiryValidation" name="test_rejects_invalid_category" time="0.059" /><testcase classname="backend.tests.test_inquiry.TestInquiryValidation" name="test_rejects_invalid_email" time="0.059" /><testcase classname="backend.tests.test_inquiry.TestInquiryValidation" name="test_rejects_short_message" time="0.060" /><testcase classname="backend.tests.test_inquiry.TestInquiryValidation" name="test_rejects_missing_required_fields" time="0.062" /></testsuite></testsuites>